0 info it worked if it ends with ok
1 verbose cli [ 'node', '/usr/local/bin/npm', 'install', '-g', 'grunt-cli' ]
2 info using npm@2.14.2
3 info using node@v0.12.7
4 verbose install initial load of /usr/local/lib/package.json
5 verbose readDependencies loading dependencies from /usr/local/lib/package.json
6 silly cache add args [ 'grunt-cli', null ]
7 verbose cache add spec grunt-cli
8 silly cache add parsed spec { raw: 'grunt-cli',
8 silly cache add   scope: null,
8 silly cache add   name: 'grunt-cli',
8 silly cache add   rawSpec: '',
8 silly cache add   spec: '*',
8 silly cache add   type: 'range' }
9 silly addNamed grunt-cli@*
10 verbose addNamed "*" is a valid semver range for grunt-cli
11 silly addNameRange { name: 'grunt-cli', range: '*', hasData: false }
12 silly mapToRegistry name grunt-cli
13 silly mapToRegistry using default registry
14 silly mapToRegistry registry https://registry.npmjs.org/
15 silly mapToRegistry uri https://registry.npmjs.org/grunt-cli
16 verbose addNameRange registry:https://registry.npmjs.org/grunt-cli not in flight; fetching
17 verbose request uri https://registry.npmjs.org/grunt-cli
18 verbose request no auth needed
19 info attempt registry request try #1 at 9:40:09 PM
20 verbose request id 8c9d1bbc691dfd8b
21 verbose etag "EZT9NMQ405CP8UGRHXD0WD2IL"
22 http request GET https://registry.npmjs.org/grunt-cli
23 http 200 https://registry.npmjs.org/grunt-cli
24 silly get cb [ 200,
24 silly get   { server: 'CouchDB/1.5.0 (Erlang OTP/R16B03)',
24 silly get     etag: '"EOHYWS1BBJTUNVGZUPAK61HT1"',
24 silly get     'content-type': 'application/json',
24 silly get     'cache-control': 'max-age=60',
24 silly get     'content-length': '21740',
24 silly get     'accept-ranges': 'bytes',
24 silly get     date: 'Thu, 12 Nov 2015 20:40:09 GMT',
24 silly get     via: '1.1 varnish',
24 silly get     age: '0',
24 silly get     connection: 'keep-alive',
24 silly get     'x-served-by': 'cache-lcy1132-LCY',
24 silly get     'x-cache': 'HIT',
24 silly get     'x-cache-hits': '1',
24 silly get     'x-timer': 'S1447360809.380037,VS0,VE413',
24 silly get     vary: 'Accept' } ]
25 verbose get saving grunt-cli to /home/cvandevries/.npm/registry.npmjs.org/grunt-cli/.cache.json
26 silly addNameRange number 2 { name: 'grunt-cli', range: '*', hasData: true }
27 silly addNameRange versions [ 'grunt-cli',
27 silly addNameRange   [ '0.1.0',
27 silly addNameRange     '0.1.1',
27 silly addNameRange     '0.1.2',
27 silly addNameRange     '0.1.3',
27 silly addNameRange     '0.1.4',
27 silly addNameRange     '0.1.5',
27 silly addNameRange     '0.1.6',
27 silly addNameRange     '0.1.7',
27 silly addNameRange     '0.1.8',
27 silly addNameRange     '0.1.9',
27 silly addNameRange     '0.1.10',
27 silly addNameRange     '0.1.11',
27 silly addNameRange     '0.1.12',
27 silly addNameRange     '0.1.13' ] ]
28 silly addNamed grunt-cli@0.1.13
29 verbose addNamed "0.1.13" is a plain semver version for grunt-cli
30 silly cache afterAdd grunt-cli@0.1.13
31 verbose afterAdd /home/cvandevries/.npm/grunt-cli/0.1.13/package/package.json not in flight; writing
32 verbose afterAdd /home/cvandevries/.npm/grunt-cli/0.1.13/package/package.json written
33 silly install resolved [ { name: 'grunt-cli',
33 silly install resolved     description: 'The grunt command line interface.',
33 silly install resolved     version: '0.1.13',
33 silly install resolved     author: { name: 'Grunt Team' },
33 silly install resolved     homepage: 'http://gruntjs.com/',
33 silly install resolved     repository: { type: 'git', url: 'git://github.com/gruntjs/grunt-cli.git' },
33 silly install resolved     bugs: { url: 'http://github.com/gruntjs/grunt-cli/issues' },
33 silly install resolved     licenses: [ [Object] ],
33 silly install resolved     bin: { grunt: 'bin/grunt' },
33 silly install resolved     engines: { node: '>= 0.8.0' },
33 silly install resolved     scripts: { test: 'node bin/grunt test' },
33 silly install resolved     preferGlobal: true,
33 silly install resolved     dependencies: { nopt: '~1.0.10', 'findup-sync': '~0.1.0', resolve: '~0.3.1' },
33 silly install resolved     devDependencies: { grunt: '~0.4.0', 'grunt-contrib-jshint': '~0.2.0' },
33 silly install resolved     contributors: [ [Object], [Object], [Object], [Object] ],
33 silly install resolved     _id: 'grunt-cli@0.1.13',
33 silly install resolved     dist:
33 silly install resolved      { shasum: 'e9ebc4047631f5012d922770c39378133cad10f4',
33 silly install resolved        tarball: 'http://registry.npmjs.org/grunt-cli/-/grunt-cli-0.1.13.tgz' },
33 silly install resolved     _from: 'grunt-cli@*',
33 silly install resolved     _npmVersion: '1.3.24',
33 silly install resolved     _npmUser: { name: 'tkellen', email: 'tyler@sleekcode.net' },
33 silly install resolved     maintainers: [ [Object] ],
33 silly install resolved     directories: {},
33 silly install resolved     _shasum: 'e9ebc4047631f5012d922770c39378133cad10f4',
33 silly install resolved     _resolved: 'https://registry.npmjs.org/grunt-cli/-/grunt-cli-0.1.13.tgz',
33 silly install resolved     readme: 'ERROR: No README data found!' } ]
34 info install grunt-cli@0.1.13 into /usr/local/lib
35 info installOne grunt-cli@0.1.13
36 verbose installOne of grunt-cli to /usr/local/lib not in flight; installing
37 verbose lock using /home/cvandevries/.npm/_locks/grunt-cli-58f484dab06f0a30.lock for /usr/local/lib/node_modules/grunt-cli
38 silly install write writing grunt-cli 0.1.13 to /usr/local/lib/node_modules/grunt-cli
39 verbose unbuild lib/node_modules/grunt-cli
40 info preuninstall grunt-cli@0.1.13
41 info uninstall grunt-cli@0.1.13
42 verbose unbuild rmStuff grunt-cli@0.1.13 from /usr/local/lib/node_modules
43 silly gentlyRm /usr/local/bin/grunt is being gently removed
44 silly gentlyRm verifying /usr/local is an npm working directory
45 silly gentlyRm containing path /usr/local is under npm's control, in /usr/local
46 silly gentlyRm deletion target /usr/local/bin/grunt is under /usr/local
47 verbose gentlyRm vacuuming from /usr/local/bin/grunt up to /usr/local
48 silly vacuum-fs removing /usr/local/bin/grunt
49 verbose unlock done using /home/cvandevries/.npm/_locks/grunt-cli-58f484dab06f0a30.lock for /usr/local/lib/node_modules/grunt-cli
50 verbose stack Error: EACCES, unlink '/usr/local/bin/grunt'
50 verbose stack     at Error (native)
51 verbose cwd /home/cvandevries/Documents/maeslantkering
52 error Linux 3.19.0-31-generic
53 error argv "node" "/usr/local/bin/npm" "install" "-g" "grunt-cli"
54 error node v0.12.7
55 error npm  v2.14.2
56 error path /usr/local/bin/grunt
57 error code EACCES
58 error errno -13
59 error Error: EACCES, unlink '/usr/local/bin/grunt'
59 error     at Error (native)
59 error  { [Error: EACCES, unlink '/usr/local/bin/grunt'] errno: -13, code: 'EACCES', path: '/usr/local/bin/grunt' }
60 error Please try running this command again as root/Administrator.
61 verbose exit [ -13, true ]
62 verbose unbuild lib/node_modules/grunt-cli
63 info preuninstall grunt-cli@0.1.13
64 info uninstall grunt-cli@0.1.13
65 verbose unbuild rmStuff grunt-cli@0.1.13 from /usr/local/lib/node_modules
66 silly gentlyRm /usr/local/bin/grunt is being gently removed
67 silly gentlyRm verifying /usr/local is an npm working directory
68 silly gentlyRm containing path /usr/local is under npm's control, in /usr/local
69 silly gentlyRm deletion target /usr/local/bin/grunt is under /usr/local
70 verbose gentlyRm vacuuming from /usr/local/bin/grunt up to /usr/local
71 silly vacuum-fs removing /usr/local/bin/grunt
72 error error rolling back Error: EACCES, unlink '/usr/local/bin/grunt'
72 error error rolling back     at Error (native)
72 error error rolling back  { [Error: EACCES, unlink '/usr/local/bin/grunt'] errno: -13, code: 'EACCES', path: '/usr/local/bin/grunt' }
